/mnt/d/codes/RateIt/back-end /mnt/d/codes/RateIt
Starting a Gradle Daemon, 1 incompatible and 1 stopped Daemons could not be reused, use --status for details
> Task :wrapper UP-TO-DATE

BUILD SUCCESSFUL in 8s
1 actionable task: 1 up-to-date
> Task :compileKotlin UP-TO-DATE
> Task :compileJava NO-SOURCE
> Task :processResources NO-SOURCE
> Task :classes UP-TO-DATE
> Task :jar UP-TO-DATE
> Task :inspectClassesForKotlinIC UP-TO-DATE
> Task :shadowJar UP-TO-DATE

BUILD SUCCESSFUL in 2s
4 actionable tasks: 4 up-to-date
/mnt/d/codes/RateIt
Container dev-database-1  Created
Container dev-web-1  Created
Attaching to dev-database-1, dev-web-1
dev-database-1  | 
dev-database-1  | PostgreSQL Database directory appears to contain a database; Skipping initialization
dev-database-1  | 
dev-database-1  | 2022-10-22 10:51:55.756 UTC [1] LOG:  starting PostgreSQL 14.5 (Debian 14.5-2.pgdg110+2) on x86_64-pc-linux-gnu, compiled by gcc (Debian 10.2.1-6) 10.2.1 20210110, 64-bit
dev-database-1  | 2022-10-22 10:51:55.756 UTC [1] LOG:  listening on IPv4 address "0.0.0.0", port 5432
dev-database-1  | 2022-10-22 10:51:55.756 UTC [1] LOG:  listening on IPv6 address "::", port 5432
dev-database-1  | 2022-10-22 10:51:55.763 UTC [1] LOG:  listening on Unix socket "/var/run/postgresql/.s.PGSQL.5432"
dev-database-1  | 2022-10-22 10:51:55.775 UTC [26] LOG:  database system was shut down at 2022-10-22 03:40:24 UTC
dev-database-1  | 2022-10-22 10:51:55.789 UTC [1] LOG:  database system is ready to accept connections
dev-web-1       | [main] INFO io.javalin.Javalin - JAVALIN HANDLER REGISTRATION DEBUG LOG: BEFORE[*]
dev-web-1       | [main] INFO io.javalin.Javalin - JAVALIN HANDLER REGISTRATION DEBUG LOG: AFTER[*]
dev-web-1       | [main] INFO com.github.gkdrateit.database.DbAdapter - Connected to postgresql.
dev-web-1       | [main] INFO io.javalin.Javalin - JAVALIN HANDLER REGISTRATION DEBUG LOG: POST[/api/course]
dev-web-1       | [main] INFO io.javalin.Javalin - JAVALIN HANDLER REGISTRATION DEBUG LOG: POST[/api/review]
dev-web-1       | [main] INFO io.javalin.Javalin - JAVALIN HANDLER REGISTRATION DEBUG LOG: POST[/api/teacher]
dev-web-1       | [main] INFO io.javalin.Javalin - JAVALIN HANDLER REGISTRATION DEBUG LOG: POST[/api/user]
dev-web-1       | [main] INFO io.javalin.Javalin - JAVALIN HANDLER REGISTRATION DEBUG LOG: POST[/api/email-verification]
dev-web-1       | [main] INFO io.javalin.Javalin - JAVALIN HANDLER REGISTRATION DEBUG LOG: POST[/api/login]
dev-web-1       | [main] INFO io.javalin.Javalin - Starting Javalin ...
dev-web-1       | [main] INFO org.eclipse.jetty.server.Server - jetty-11.0.12; built: 2022-09-14T02:38:00.723Z; git: d5b8c29485f5f56a14be5f20c2ccce81b93c5555; jvm 17.0.2+8-86
dev-web-1       | [main] INFO org.eclipse.jetty.server.session.DefaultSessionIdManager - Session workerName=node0
dev-web-1       | [main] INFO org.eclipse.jetty.server.handler.ContextHandler - Started i.j.j.@420a85c4{/,null,AVAILABLE}
dev-web-1       | [main] INFO org.eclipse.jetty.server.AbstractConnector - Started ServerConnector@428640fa{HTTP/1.1, (http/1.1)}{0.0.0.0:8080}
dev-web-1       | [main] INFO org.eclipse.jetty.server.Server - Started Server@750e2b97{STARTING}[11.0.12,sto=0] @1672ms
dev-web-1       | [main] INFO io.javalin.Javalin - 
dev-web-1       |        __                  ___          ______
dev-web-1       |       / /___ __   ______ _/ (_)___     / ____/
dev-web-1       |  __  / / __ `/ | / / __ `/ / / __ \   /___ \
dev-web-1       | / /_/ / /_/ /| |/ / /_/ / / / / / /  ____/ /
dev-web-1       | \____/\__,_/ |___/\__,_/_/_/_/ /_/  /_____/
dev-web-1       | 
dev-web-1       |        https://javalin.io/documentation
dev-web-1       | 
dev-web-1       | [main] INFO io.javalin.Javalin - Listening on http://localhost:8080/
dev-web-1       | [main] INFO io.javalin.Javalin - You are running Javalin 5.0.1 (released October 2, 2022).
dev-web-1       | [main] INFO io.javalin.Javalin - Javalin started in 472ms \o/
Gracefully stopping... (press Ctrl+C again to force)
Container dev-web-1  Stopping
Container dev-web-1  Stopped
Container dev-database-1  Stopping
Container dev-database-1  Stopped
canceled
Container dev-web-1  Stopping
Container dev-web-1  Stopped
Container dev-database-1  Stopping
Container dev-database-1  Stopped
Going to remove dev-web-1, dev-database-1
Container dev-database-1  Removing
Container dev-web-1  Removing
Container dev-web-1  Removed
Container dev-database-1  Removed
